#
# A fatal error has been detected by the Java Runtime Environment:
#
#  EXCEPTION_ACCESS_VIOLATION (0xc0000005) at pc=0x6d0b70d0, pid=4708, tid=3420
#
# JRE version: 6.0_26-b03
# Java VM: Java HotSpot(TM) Client VM (20.1-b02 mixed mode, sharing windows-x86 )
# Problematic frame:
# C  [awt.dll+0xb70d0]
#
# If you would like to submit a bug report, please visit:
#   http://java.sun.com/webapps/bugreport/crash.jsp
# The crash happened outside the Java Virtual Machine in native code.
# See problematic frame for where to report the bug.
#

---------------  T H R E A D  ---------------

Current thread (0x020ffc00):  JavaThread "AWT-Windows" daemon [_thread_in_native, id=3420, stack(0x04cd0000,0x04d20000)]

siginfo: ExceptionCode=0xc0000005, reading address 0x00000000

Registers:
EAX=0x04d1f574, EBX=0x04653ee8, ECX=0x000000f0, EDX=0x00000180
ESP=0x04d1f55c, EBP=0x04d1f708, ESI=0x00000000, EDI=0x00000180
EIP=0x6d0b70d0, EFLAGS=0x00010212

Top of Stack: (sp=0x04d1f55c)
0x04d1f55c:   04d1f574 00001000 000002fe 0464ee18
0x04d1f56c:   000001da 0000030a 0464ee18 6d0af2eb
0x04d1f57c:   00000000 0463a168 0464ee18 0464ee18
0x04d1f58c:   04d1f56c 04d1f708 000001e6 0000030a
0x04d1f59c:   0464ee18 6d0b2cbf 44428000 43f30000
0x04d1f5ac:   0000030a 000001e6 0463a154 6d0b3781
0x04d1f5bc:   6d0b3c1d 0000000c 0000000c 000002fe
0x04d1f5cc:   000001da 00009825 020ffd28 00000001 

Instructions: (pc=0x6d0b70d0)
0x6d0b70b0:   d8 56 8b b3 10 a0 00 00 1b c0 57 25 00 f0 ff ff
0x6d0b70c0:   05 00 20 00 00 50 c1 e2 05 8d 44 24 14 50 8b fa
0x6d0b70d0:   8b 16 57 c1 e1 05 51 56 ff 52 2c 85 c0 0f 8c 93
0x6d0b70e0:   00 00 00 8b 53 04 8b cf 8b 7c 24 10 8b c1 c1 e9 


Register to memory mapping:

EAX=0x04d1f574 is pointing into the stack for thread: 0x020ffc00
EBX=0x04653ee8 is an unknown value
ECX=0x000000f0 is an unknown value
EDX=0x00000180 is an unknown value
ESP=0x04d1f55c is pointing into the stack for thread: 0x020ffc00
EBP=0x04d1f708 is pointing into the stack for thread: 0x020ffc00
ESI=0x00000000 is an unknown value
EDI=0x00000180 is an unknown value


Stack: [0x04cd0000,0x04d20000],  sp=0x04d1f55c,  free space=317k
Native frames: (J=compiled Java code, j=interpreted, Vv=VM code, C=native code)
C  [awt.dll+0xb70d0]  D3DVertexCacher::Render+0x50
C  [awt.dll+0x9cd3a]  Java_sun_awt_windows_WToolkit_loadSystemColors+0x94a
C  [USER32.dll+0x1f8d2]  GetMessageW+0x93
C  [USER32.dll+0x1f794]  GetWindowLongW+0x115
C  [USER32.dll+0x20817]  ReleaseDC+0x7a
C  [USER32.dll+0x20a65]  GetWindowThreadProcessId+0x1cd
C  [ntdll.dll+0x5962e]  KiUserCallbackDispatcher+0x2e
C  [USER32.dll+0x1ff18]  PeekMessageW+0x179

Java frames: (J=compiled Java code, j=interpreted, Vv=VM code)
j  sun.awt.windows.WToolkit.eventLoop()V+0
j  sun.awt.windows.WToolkit.run()V+52
j  java.lang.Thread.run()V+11
v  ~StubRoutines::call_stub

---------------  P R O C E S S  ---------------

Java Threads: ( => current thread )
  0x04765400 JavaThread "TimerQueue" daemon [_thread_blocked, id=5512, stack(0x068c0000,0x06910000)]
  0x04761c00 JavaThread "D3D Screen Updater" daemon [_thread_in_native, id=5508, stack(0x065c0000,0x06610000)]
  0x0234f800 JavaThread "DestroyJavaVM" [_thread_blocked, id=4628, stack(0x00360000,0x003b0000)]
  0x04682800 JavaThread "AWT-EventQueue-0" [_thread_blocked, id=5188, stack(0x07180000,0x071d0000)]
=>0x020ffc00 JavaThread "AWT-Windows" daemon [_thread_in_native, id=3420, stack(0x04cd0000,0x04d20000)]
  0x020ff400 JavaThread "AWT-Shutdown" [_thread_blocked, id=5072, stack(0x045a0000,0x045f0000)]
  0x020fc400 JavaThread "Java2D Disposer" daemon [_thread_blocked, id=2760, stack(0x044e0000,0x04530000)]
  0x0207e800 JavaThread "Low Memory Detector" daemon [_thread_blocked, id=5820, stack(0x043f0000,0x04440000)]
  0x0206fc00 JavaThread "C1 CompilerThread0" daemon [_thread_blocked, id=1696, stack(0x043a0000,0x043f0000)]
  0x0206ec00 JavaThread "Attach Listener" daemon [_thread_blocked, id=5944, stack(0x04350000,0x043a0000)]
  0x0206bc00 JavaThread "Signal Dispatcher" daemon [_thread_blocked, id=5248, stack(0x022e0000,0x02330000)]
  0x02066c00 JavaThread "Finalizer" daemon [_thread_blocked, id=5060, stack(0x02290000,0x022e0000)]
  0x02061c00 JavaThread "Reference Handler" daemon [_thread_blocked, id=5056, stack(0x00310000,0x00360000)]

Other Threads:
  0x02025c00 VMThread [stack: 0x02240000,0x02290000] [id=4536]
  0x02099800 WatcherThread [stack: 0x04440000,0x04490000] [id=4588]

VM state:not at safepoint (normal execution)

VM Mutex/Monitor currently owned by a thread: None

Heap
 def new generation   total 4928K, used 977K [0x24200000, 0x24750000, 0x29750000)
  eden space 4416K,  13% used [0x24200000, 0x24299f58, 0x24650000)
  from space 512K,  70% used [0x24650000, 0x246aa5c0, 0x246d0000)
  to   space 512K,   0% used [0x246d0000, 0x246d0000, 0x24750000)
 tenured generation   total 10944K, used 4698K [0x29750000, 0x2a200000, 0x34200000)
   the space 10944K,  42% used [0x29750000, 0x29be6a50, 0x29be6c00, 0x2a200000)
 compacting perm gen  total 12288K, used 2410K [0x34200000, 0x34e00000, 0x38200000)
   the space 12288K,  19% used [0x34200000, 0x3445a8b8, 0x3445aa00, 0x34e00000)
    ro space 10240K,  51% used [0x38200000, 0x3872dff8, 0x3872e000, 0x38c00000)
    rw space 12288K,  55% used [0x38c00000, 0x3929c208, 0x3929c400, 0x39800000)

Code Cache  [0x02350000, 0x024b0000, 0x04350000)
 total_blobs=1062 nmethods=857 adapters=140 free_code_cache=32126208 largest_free_block=384

Dynamic libraries:
0x00400000 - 0x00424000 	C:\Program Files\Java\jre6\bin\javaw.exe
0x77c00000 - 0x77d28000 	C:\Windows\system32\ntdll.dll
0x76840000 - 0x7691c000 	C:\Windows\system32\kernel32.dll
0x775e0000 - 0x776a6000 	C:\Windows\system32\ADVAPI32.dll
0x765e0000 - 0x766a2000 	C:\Windows\system32\RPCRT4.dll
0x77800000 - 0x7789d000 	C:\Windows\system32\USER32.dll
0x774e0000 - 0x7752b000 	C:\Windows\system32\GDI32.dll
0x77970000 - 0x7798e000 	C:\Windows\system32\IMM32.DLL
0x778a0000 - 0x77968000 	C:\Windows\system32\MSCTF.dll
0x77530000 - 0x775da000 	C:\Windows\system32\msvcrt.dll
0x766b0000 - 0x766b9000 	C:\Windows\system32\LPK.DLL
0x77dd0000 - 0x77e4d000 	C:\Windows\system32\USP10.dll
0x7c340000 - 0x7c396000 	C:\Program Files\Java\jre6\bin\msvcr71.dll
0x6d7f0000 - 0x6da9f000 	C:\Program Files\Java\jre6\bin\client\jvm.dll
0x74f10000 - 0x74f42000 	C:\Windows\system32\WINMM.dll
0x776b0000 - 0x777f4000 	C:\Windows\system32\ole32.dll
0x76470000 - 0x764fd000 	C:\Windows\system32\OLEAUT32.dll
0x74ed0000 - 0x74f09000 	C:\Windows\system32\OLEACC.dll
0x76240000 - 0x7626c000 	C:\Windows\system32\apphelp.dll
0x6d7a0000 - 0x6d7ac000 	C:\Program Files\Java\jre6\bin\verify.dll
0x6d320000 - 0x6d33f000 	C:\Program Files\Java\jre6\bin\java.dll
0x763d0000 - 0x763d7000 	C:\Windows\system32\PSAPI.DLL
0x6d7e0000 - 0x6d7ef000 	C:\Program Files\Java\jre6\bin\zip.dll
0x6d000000 - 0x6d14b000 	C:\Program Files\Java\jre6\bin\awt.dll
0x74080000 - 0x740c2000 	C:\Windows\system32\WINSPOOL.DRV
0x751d0000 - 0x7536e000 	C:\Windows\WinSxS\x86_microsoft.windows.common-controls_6595b64144ccf1df_6.0.6001.18523_none_5cdd65e20837faf2\COMCTL32.dll
0x77990000 - 0x779e8000 	C:\Windows\system32\SHLWAPI.dll
0x73b00000 - 0x73b85000 	C:\Windows\WinSxS\x86_microsoft.windows.common-controls_6595b64144ccf1df_5.82.6001.18523_none_886c608850a2f36f\comctl32.dll
0x72730000 - 0x7273c000 	C:\Windows\system32\DWMAPI.DLL
0x75470000 - 0x754af000 	C:\Windows\system32\uxtheme.dll
0x6d230000 - 0x6d27f000 	C:\Program Files\Java\jre6\bin\fontmanager.dll
0x704c0000 - 0x7067a000 	C:\Windows\system32\d3d9.dll
0x75770000 - 0x75778000 	C:\Windows\system32\VERSION.dll
0x72720000 - 0x72726000 	C:\Windows\system32\d3d8thk.dll
0x6f700000 - 0x6fab2000 	C:\Windows\system32\atiumdag.dll
0x6f2b0000 - 0x6f6ff000 	C:\Windows\system32\atiumdva.dll
0x76920000 - 0x77430000 	C:\Windows\system32\shell32.dll
0x6d600000 - 0x6d613000 	C:\Program Files\Java\jre6\bin\net.dll
0x77460000 - 0x7748d000 	C:\Windows\system32\WS2_32.dll
0x77d30000 - 0x77d36000 	C:\Windows\system32\NSI.dll
0x75a70000 - 0x75aab000 	C:\Windows\system32\mswsock.dll
0x75ad0000 - 0x75ad5000 	C:\Windows\System32\wship6.dll
0x6d620000 - 0x6d629000 	C:\Program Files\Java\jre6\bin\nio.dll

VM Arguments:
java_command: C:\manola\dist\manola.jar
Launcher Type: SUN_STANDARD

Environment Variables:
PATH=C:\Program Files\Common Files\Microsoft Shared\Windows Live;C:\Windows\system32;C:\Windows;C:\Windows\System32\Wbem;C:\Program Files\ATI Technologies\ATI.ACE\Core-Static;C:\Windows\System32\WindowsPowerShell\v1.0\
USERNAME=lili
OS=Windows_NT
PROCESSOR_IDENTIFIER=x86 Family 15 Model 127 Stepping 2, AuthenticAMD



---------------  S Y S T E M  ---------------

OS: Windows Vista Build 6001 Service Pack 1

CPU:total 1 (1 cores per cpu, 1 threads per core) family 15 model 127 stepping 2, cmov, cx8, fxsr, mmx, sse, sse2, sse3, mmxext, 3dnow, 3dnowext

Memory: 4k page, physical 1832196k(716764k free), swap 3920968k(2534280k free)

vm_info: Java HotSpot(TM) Client VM (20.1-b02) for windows-x86 JRE (1.6.0_26-b03), built on May  4 2011 00:50:59 by "java_re" with MS VC++ 7.1 (VS2003)

time: Fri Feb 24 08:11:13 2012
elapsed time: 59 seconds

